d:\opu\op2titanapi\samples\template\build\ctemplate.dir\release\mission.obj
d:\opu\op2titanapi\samples\template\build\cmakefiles\generate.stamp
d:\opu\op2titanapi\samples\template\build\release\ctemplate.dll
d:\opu\op2titanapi\samples\template\build\ctemplate.dir\release\version.res
d:\opu\op2titanapi\samples\template\build\release\ctemplate.lib
d:\opu\op2titanapi\samples\template\build\release\ctemplate.exp
d:\opu\op2titanapi\samples\template\build\ctemplate.dir\release\ctemplate.tlog\cl.command.1.tlog
d:\opu\op2titanapi\samples\template\build\ctemplate.dir\release\ctemplate.tlog\cl.items.tlog
d:\opu\op2titanapi\samples\template\build\ctemplate.dir\release\ctemplate.tlog\cl.read.1.tlog
d:\opu\op2titanapi\samples\template\build\ctemplate.dir\release\ctemplate.tlog\cl.write.1.tlog
d:\opu\op2titanapi\samples\template\build\ctemplate.dir\release\ctemplate.tlog\custombuild.command.1.tlog
d:\opu\op2titanapi\samples\template\build\ctemplate.dir\release\ctemplate.tlog\custombuild.read.1.tlog
d:\opu\op2titanapi\samples\template\build\ctemplate.dir\release\ctemplate.tlog\custombuild.write.1.tlog
d:\opu\op2titanapi\samples\template\build\ctemplate.dir\release\ctemplate.tlog\link.command.1.tlog
d:\opu\op2titanapi\samples\template\build\ctemplate.dir\release\ctemplate.tlog\link.read.1.tlog
d:\opu\op2titanapi\samples\template\build\ctemplate.dir\release\ctemplate.tlog\link.secondary.1.tlog
d:\opu\op2titanapi\samples\template\build\ctemplate.dir\release\ctemplate.tlog\link.write.1.tlog
d:\opu\op2titanapi\samples\template\build\ctemplate.dir\release\ctemplate.tlog\rc.command.1.tlog
d:\opu\op2titanapi\samples\template\build\ctemplate.dir\release\ctemplate.tlog\rc.read.1.tlog
d:\opu\op2titanapi\samples\template\build\ctemplate.dir\release\ctemplate.tlog\rc.write.1.tlog
